0 info it worked if it ends with ok
1 verbose cli [ 'node', '/usr/local/bin/npm', 'outdated' ]
2 info using npm@1.4.28
3 info using node@v0.10.33
4 verbose request where is /antlr4
5 verbose request registry https://registry.npmjs.org/
6 verbose request id 9a8dd80bed581ba5
7 verbose url raw /antlr4
8 verbose url resolving [ 'https://registry.npmjs.org/', './antlr4' ]
9 verbose url resolved https://registry.npmjs.org/antlr4
10 verbose request where is https://registry.npmjs.org/antlr4
11 info trying registry request attempt 1 at 17:38:01
12 http GET https://registry.npmjs.org/antlr4
13 http 404 https://registry.npmjs.org/antlr4
14 verbose headers { date: 'Sun, 22 Mar 2015 09:38:02 GMT',
14 verbose headers   server: 'CouchDB/1.5.0 (Erlang OTP/R16B03)',
14 verbose headers   'content-type': 'application/json',
14 verbose headers   'cache-control': 'max-age=0',
14 verbose headers   'content-length': '51',
14 verbose headers   'accept-ranges': 'bytes',
14 verbose headers   via: '1.1 varnish',
14 verbose headers   age: '0',
14 verbose headers   'x-served-by': 'cache-hkg6823-HKG',
14 verbose headers   'x-cache': 'MISS',
14 verbose headers   'x-cache-hits': '0',
14 verbose headers   'x-timer': 'S1427017081.366478,VS0,VE643',
14 verbose headers   'keep-alive': 'timeout=10, max=50',
14 verbose headers   connection: 'Keep-Alive' }
15 silly registry.get cb [ 404,
15 silly registry.get   { date: 'Sun, 22 Mar 2015 09:38:02 GMT',
15 silly registry.get     server: 'CouchDB/1.5.0 (Erlang OTP/R16B03)',
15 silly registry.get     'content-type': 'application/json',
15 silly registry.get     'cache-control': 'max-age=0',
15 silly registry.get     'content-length': '51',
15 silly registry.get     'accept-ranges': 'bytes',
15 silly registry.get     via: '1.1 varnish',
15 silly registry.get     age: '0',
15 silly registry.get     'x-served-by': 'cache-hkg6823-HKG',
15 silly registry.get     'x-cache': 'MISS',
15 silly registry.get     'x-cache-hits': '0',
15 silly registry.get     'x-timer': 'S1427017081.366478,VS0,VE643',
15 silly registry.get     'keep-alive': 'timeout=10, max=50',
15 silly registry.get     connection: 'Keep-Alive' } ]
16 error TypeError: Cannot read property 'length' of undefined
16 error     at /usr/local/lib/node_modules/npm/lib/outdated.js:42:29
16 error     at cb (/usr/local/lib/node_modules/npm/node_modules/slide/lib/async-map.js:47:24)
16 error     at /usr/local/lib/node_modules/npm/lib/outdated.js:273:20
16 error     at RegClient.<anonymous> (/usr/local/lib/node_modules/npm/node_modules/npm-registry-client/lib/get.js:162:20)
16 error     at cb (/usr/local/lib/node_modules/npm/node_modules/npm-registry-client/lib/request.js:57:9)
16 error     at RegClient.<anonymous> (/usr/local/lib/node_modules/npm/node_modules/npm-registry-client/lib/request.js:156:10)
16 error     at cb (/usr/local/lib/node_modules/npm/node_modules/npm-registry-client/lib/request.js:166:9)
16 error     at RegClient.<anonymous> (/usr/local/lib/node_modules/npm/node_modules/npm-registry-client/lib/request.js:320:12)
16 error     at Request._callback (/usr/local/lib/node_modules/npm/node_modules/npm-registry-client/lib/request.js:246:65)
16 error     at Request.self.callback (/usr/local/lib/node_modules/npm/node_modules/request/request.js:236:22)
17 error If you need help, you may report this *entire* log,
17 error including the npm and node versions, at:
17 error     <http://github.com/npm/npm/issues>
18 error System Darwin 14.1.0
19 error command "node" "/usr/local/bin/npm" "outdated"
20 error cwd /Users/ericvergnaud/Development/Presto/presto-javascript/JavaScript-Core/src
21 error node -v v0.10.33
22 error npm -v 1.4.28
23 error type non_object_property_load
24 verbose exit [ 1, true ]
